<?xml version="1.0" encoding="UTF-8"?>
<!-- Generated by org.testng.reporters.JUnitXMLReporter -->
<testsuite hostname="valentyna" ignored="0" name="Command line test" tests="6" failures="0" timestamp="2023-02-06T12:22:20 CST" time="51.275" errors="0">
  <testcase name="validateTitleAndURL" time="0.017" classname="scripts.CarvanaHomeTest"/>
  <testcase name="validateLogo" time="0.244" classname="scripts.CarvanaHomeTest"/>
  <testcase name="validateMainSelectionItems" time="0.447" classname="scripts.CarvanaHomeTest"/>
  <testcase name="validateSignInErrorMessage" time="1.605" classname="scripts.CarvanaHomeTest"/>
  <testcase name="validateSearchFilterOptionsAndSearchButton" time="0.436" classname="scripts.CarvanaSearchCarTest"/>
  <testcase name="validateSearchResultTiles" time="11.682" classname="scripts.CarvanaSearchCarTest"/>
</testsuite> <!-- Command line test -->
