<?xml version="1.0" encoding="UTF-8"?>
<testng-results skipped="0" failed="0" ignored="0" total="6" passed="6">
  <reporter-output>
  </reporter-output>
  <suite name="Command line suite" duration-ms="51275" started-at="2023-02-06T12:21:29 CST" finished-at="2023-02-06T12:22:20 CST">
    <groups>
    </groups>
    <test name="Command line test" duration-ms="51275" started-at="2023-02-06T12:21:29 CST" finished-at="2023-02-06T12:22:20 CST">
      <class name="scripts.CarvanaHomeTest">
        <test-method status="PASS" signature="setup()[pri:0, instance:scripts.CarvanaHomeTest@271053e1]" name="setup" is-config="true" duration-ms="5237" started-at="2023-02-06T12:21:29 CST" finished-at="2023-02-06T12:21:34 CST">
          <reporter-output>
          </reporter-output>
        </test-method> <!-- setup -->
        <test-method status="PASS" signature="setPage()[pri:0, instance:scripts.CarvanaHomeTest@271053e1]" name="setPage" is-config="true" duration-ms="2" started-at="2023-02-06T12:21:34 CST" finished-at="2023-02-06T12:21:34 CST">
          <reporter-output>
          </reporter-output>
        </test-method> <!-- setPage -->
        <test-method status="PASS" signature="validateTitleAndURL()[pri:1, instance:scripts.CarvanaHomeTest@271053e1]" name="validateTitleAndURL" duration-ms="17" started-at="2023-02-06T12:21:34 CST" description="Validate Carvana home page title and url" finished-at="2023-02-06T12:21:34 CST">
          <reporter-output>
          </reporter-output>
        </test-method> <!-- validateTitleAndURL -->
        <test-method status="PASS" signature="teardown()[pri:0, instance:scripts.CarvanaHomeTest@271053e1]" name="teardown" is-config="true" duration-ms="1056" started-at="2023-02-06T12:21:34 CST" finished-at="2023-02-06T12:21:35 CST">
          <reporter-output>
          </reporter-output>
        </test-method> <!-- teardown -->
        <test-method status="PASS" signature="setup()[pri:0, instance:scripts.CarvanaHomeTest@271053e1]" name="setup" is-config="true" duration-ms="2846" started-at="2023-02-06T12:21:35 CST" finished-at="2023-02-06T12:21:38 CST">
          <reporter-output>
          </reporter-output>
        </test-method> <!-- setup -->
        <test-method status="PASS" signature="setPage()[pri:0, instance:scripts.CarvanaHomeTest@271053e1]" name="setPage" is-config="true" duration-ms="0" started-at="2023-02-06T12:21:38 CST" finished-at="2023-02-06T12:21:38 CST">
          <reporter-output>
          </reporter-output>
        </test-method> <!-- setPage -->
        <test-method status="PASS" signature="validateLogo()[pri:2, instance:scripts.CarvanaHomeTest@271053e1]" name="validateLogo" duration-ms="244" started-at="2023-02-06T12:21:38 CST" description="Validate the Carvana logo" finished-at="2023-02-06T12:21:38 CST">
          <reporter-output>
          </reporter-output>
        </test-method> <!-- validateLogo -->
        <test-method status="PASS" signature="teardown()[pri:0, instance:scripts.CarvanaHomeTest@271053e1]" name="teardown" is-config="true" duration-ms="773" started-at="2023-02-06T12:21:38 CST" finished-at="2023-02-06T12:21:39 CST">
          <reporter-output>
          </reporter-output>
        </test-method> <!-- teardown -->
        <test-method status="PASS" signature="setup()[pri:0, instance:scripts.CarvanaHomeTest@271053e1]" name="setup" is-config="true" duration-ms="2519" started-at="2023-02-06T12:21:39 CST" finished-at="2023-02-06T12:21:41 CST">
          <reporter-output>
          </reporter-output>
        </test-method> <!-- setup -->
        <test-method status="PASS" signature="setPage()[pri:0, instance:scripts.CarvanaHomeTest@271053e1]" name="setPage" is-config="true" duration-ms="1" started-at="2023-02-06T12:21:41 CST" finished-at="2023-02-06T12:21:41 CST">
          <reporter-output>
          </reporter-output>
        </test-method> <!-- setPage -->
        <test-method status="PASS" signature="validateMainSelectionItems()[pri:3, instance:scripts.CarvanaHomeTest@271053e1]" name="validateMainSelectionItems" duration-ms="447" started-at="2023-02-06T12:21:41 CST" description="Validate the main navigation section items" finished-at="2023-02-06T12:21:42 CST">
          <reporter-output>
          </reporter-output>
        </test-method> <!-- validateMainSelectionItems -->
        <test-method status="PASS" signature="teardown()[pri:0, instance:scripts.CarvanaHomeTest@271053e1]" name="teardown" is-config="true" duration-ms="877" started-at="2023-02-06T12:21:42 CST" finished-at="2023-02-06T12:21:43 CST">
          <reporter-output>
          </reporter-output>
        </test-method> <!-- teardown -->
        <test-method status="PASS" signature="setup()[pri:0, instance:scripts.CarvanaHomeTest@271053e1]" name="setup" is-config="true" duration-ms="4453" started-at="2023-02-06T12:21:43 CST" finished-at="2023-02-06T12:21:47 CST">
          <reporter-output>
          </reporter-output>
        </test-method> <!-- setup -->
        <test-method status="PASS" signature="setPage()[pri:0, instance:scripts.CarvanaHomeTest@271053e1]" name="setPage" is-config="true" duration-ms="1" started-at="2023-02-06T12:21:47 CST" finished-at="2023-02-06T12:21:47 CST">
          <reporter-output>
          </reporter-output>
        </test-method> <!-- setPage -->
        <test-method status="PASS" signature="validateSignInErrorMessage()[pri:4, instance:scripts.CarvanaHomeTest@271053e1]" name="validateSignInErrorMessage" duration-ms="1605" started-at="2023-02-06T12:21:47 CST" description="Validate the sign in error message" finished-at="2023-02-06T12:21:49 CST">
          <reporter-output>
          </reporter-output>
        </test-method> <!-- validateSignInErrorMessage -->
        <test-method status="PASS" signature="teardown()[pri:0, instance:scripts.CarvanaHomeTest@271053e1]" name="teardown" is-config="true" duration-ms="1467" started-at="2023-02-06T12:21:49 CST" finished-at="2023-02-06T12:21:50 CST">
          <reporter-output>
          </reporter-output>
        </test-method> <!-- teardown -->
      </class> <!-- scripts.CarvanaHomeTest -->
      <class name="scripts.CarvanaSearchCarTest">
        <test-method status="PASS" signature="setup()[pri:0, instance:scripts.CarvanaSearchCarTest@589838eb]" name="setup" is-config="true" duration-ms="2979" started-at="2023-02-06T12:21:50 CST" finished-at="2023-02-06T12:21:53 CST">
          <reporter-output>
          </reporter-output>
        </test-method> <!-- setup -->
        <test-method status="PASS" signature="setPage()[pri:0, instance:scripts.CarvanaSearchCarTest@589838eb]" name="setPage" is-config="true" duration-ms="4729" started-at="2023-02-06T12:21:53 CST" finished-at="2023-02-06T12:21:58 CST">
          <reporter-output>
          </reporter-output>
        </test-method> <!-- setPage -->
        <test-method status="PASS" signature="validateSearchFilterOptionsAndSearchButton()[pri:1, instance:scripts.CarvanaSearchCarTest@589838eb]" name="validateSearchFilterOptionsAndSearchButton" duration-ms="436" started-at="2023-02-06T12:21:58 CST" description="Validate the search filter options and search button" finished-at="2023-02-06T12:21:58 CST">
          <reporter-output>
          </reporter-output>
        </test-method> <!-- validateSearchFilterOptionsAndSearchButton -->
        <test-method status="PASS" signature="teardown()[pri:0, instance:scripts.CarvanaSearchCarTest@589838eb]" name="teardown" is-config="true" duration-ms="1194" started-at="2023-02-06T12:21:58 CST" finished-at="2023-02-06T12:22:00 CST">
          <reporter-output>
          </reporter-output>
        </test-method> <!-- teardown -->
        <test-method status="PASS" signature="setup()[pri:0, instance:scripts.CarvanaSearchCarTest@589838eb]" name="setup" is-config="true" duration-ms="2716" started-at="2023-02-06T12:22:00 CST" finished-at="2023-02-06T12:22:02 CST">
          <reporter-output>
          </reporter-output>
        </test-method> <!-- setup -->
        <test-method status="PASS" signature="setPage()[pri:0, instance:scripts.CarvanaSearchCarTest@589838eb]" name="setPage" is-config="true" duration-ms="4702" started-at="2023-02-06T12:22:02 CST" finished-at="2023-02-06T12:22:07 CST">
          <reporter-output>
          </reporter-output>
        </test-method> <!-- setPage -->
        <test-method status="PASS" signature="validateSearchResultTiles()[pri:2, instance:scripts.CarvanaSearchCarTest@589838eb]" name="validateSearchResultTiles" duration-ms="11682" started-at="2023-02-06T12:22:07 CST" description="Validate the search result tiles" finished-at="2023-02-06T12:22:19 CST">
          <reporter-output>
          </reporter-output>
        </test-method> <!-- validateSearchResultTiles -->
        <test-method status="PASS" signature="teardown()[pri:0, instance:scripts.CarvanaSearchCarTest@589838eb]" name="teardown" is-config="true" duration-ms="1257" started-at="2023-02-06T12:22:19 CST" finished-at="2023-02-06T12:22:20 CST">
          <reporter-output>
          </reporter-output>
        </test-method> <!-- teardown -->
      </class> <!-- scripts.CarvanaSearchCarTest -->
    </test> <!-- Command line test -->
  </suite> <!-- Command line suite -->
</testng-results>
